INFO:root:Raw HTTP response for apk.lwxth.top: None - None
WARNING:root:Empty or None HTTP status code for apk.lwxth.top, defaulting to 'N/A'
INFO:WDM:====== WebDriver manager ======
INFO:WDM:Get LATEST chromedriver version for google-chrome
INFO:WDM:Get LATEST chromedriver version for google-chrome
INFO:WDM:Driver [C:\Users\asus\.wdm\drivers\chromedriver\win64\128.0.6613.137\chromedriver-win32/chromedriver.exe] found in cache
INFO:root:Raw HTTP response for rpc.dqmco.top: None - None
WARNING:root:Empty or None HTTP status code for rpc.dqmco.top, defaulting to 'N/A'
INFO:WDM:====== WebDriver manager ======
INFO:WDM:Get LATEST chromedriver version for google-chrome
INFO:WDM:Get LATEST chromedriver version for google-chrome
INFO:WDM:Driver [C:\Users\asus\.wdm\drivers\chromedriver\win64\128.0.6613.137\chromedriver-win32/chromedriver.exe] found in cache
INFO:root:Raw HTTP response for rpc.kc7e.xyz: None - None
WARNING:root:Empty or None HTTP status code for rpc.kc7e.xyz, defaulting to 'N/A'
INFO:WDM:====== WebDriver manager ======
INFO:WDM:Get LATEST chromedriver version for google-chrome
INFO:WDM:Get LATEST chromedriver version for google-chrome
INFO:WDM:Driver [C:\Users\asus\.wdm\drivers\chromedriver\win64\128.0.6613.137\chromedriver-win32/chromedriver.exe] found in cache
INFO:root:Raw HTTP response for www.dr-th.com: None - None
WARNING:root:Empty or None HTTP status code for www.dr-th.com, defaulting to 'N/A'
INFO:WDM:====== WebDriver manager ======
INFO:WDM:Get LATEST chromedriver version for google-chrome
INFO:WDM:Get LATEST chromedriver version for google-chrome
INFO:WDM:Driver [C:\Users\asus\.wdm\drivers\chromedriver\win64\128.0.6613.137\chromedriver-win32/chromedriver.exe] found in cache
INFO:root:Raw HTTP response for www.flash-or.online: None - None
WARNING:root:Empty or None HTTP status code for www.flash-or.online, defaulting to 'N/A'
INFO:WDM:====== WebDriver manager ======
INFO:WDM:Get LATEST chromedriver version for google-chrome
INFO:WDM:Get LATEST chromedriver version for google-chrome
INFO:WDM:Driver [C:\Users\asus\.wdm\drivers\chromedriver\win64\128.0.6613.137\chromedriver-win32/chromedriver.exe] found in cache
INFO:root:Raw HTTP response for www.flq-fh.com: None - None
WARNING:root:Empty or None HTTP status code for www.flq-fh.com, defaulting to 'N/A'
INFO:WDM:====== WebDriver manager ======
INFO:WDM:Get LATEST chromedriver version for google-chrome
INFO:WDM:Get LATEST chromedriver version for google-chrome
INFO:WDM:Driver [C:\Users\asus\.wdm\drivers\chromedriver\win64\128.0.6613.137\chromedriver-win32/chromedriver.exe] found in cache
INFO:root:Raw HTTP response for www.fim-sh.cc: None - None
WARNING:root:Empty or None HTTP status code for www.fim-sh.cc, defaulting to 'N/A'
INFO:WDM:====== WebDriver manager ======
INFO:WDM:Get LATEST chromedriver version for google-chrome
INFO:WDM:Get LATEST chromedriver version for google-chrome
INFO:WDM:Driver [C:\Users\asus\.wdm\drivers\chromedriver\win64\128.0.6613.137\chromedriver-win32/chromedriver.exe] found in cache
INFO:root:Raw HTTP response for paa-line.cc: None - None
WARNING:root:Empty or None HTTP status code for paa-line.cc, defaulting to 'N/A'
INFO:WDM:====== WebDriver manager ======
INFO:WDM:Get LATEST chromedriver version for google-chrome
INFO:WDM:Get LATEST chromedriver version for google-chrome
INFO:WDM:Driver [C:\Users\asus\.wdm\drivers\chromedriver\win64\128.0.6613.137\chromedriver-win32/chromedriver.exe] found in cache
INFO:root:Raw HTTP response for www.fia-bp.cc: None - None
WARNING:root:Empty or None HTTP status code for www.fia-bp.cc, defaulting to 'N/A'
INFO:WDM:====== WebDriver manager ======
INFO:WDM:Get LATEST chromedriver version for google-chrome
INFO:WDM:Get LATEST chromedriver version for google-chrome
INFO:WDM:Driver [C:\Users\asus\.wdm\drivers\chromedriver\win64\128.0.6613.137\chromedriver-win32/chromedriver.exe] found in cache
INFO:root:Raw HTTP response for rpc.wxzth.top: None - None
WARNING:root:Empty or None HTTP status code for rpc.wxzth.top, defaulting to 'N/A'
INFO:WDM:====== WebDriver manager ======
INFO:WDM:Get LATEST chromedriver version for google-chrome
INFO:WDM:Get LATEST chromedriver version for google-chrome
INFO:WDM:Driver [C:\Users\asus\.wdm\drivers\chromedriver\win64\128.0.6613.137\chromedriver-win32/chromedriver.exe] found in cache
INFO:root:Raw HTTP response for www.xll-fh.com: None - None
WARNING:root:Empty or None HTTP status code for www.xll-fh.com, defaulting to 'N/A'
INFO:WDM:====== WebDriver manager ======
INFO:WDM:Get LATEST chromedriver version for google-chrome
INFO:WDM:Get LATEST chromedriver version for google-chrome
INFO:WDM:Driver [C:\Users\asus\.wdm\drivers\chromedriver\win64\128.0.6613.137\chromedriver-win32/chromedriver.exe] found in cache
INFO:root:Raw HTTP response for tnt-express.com: None - None
WARNING:root:Empty or None HTTP status code for tnt-express.com, defaulting to 'N/A'
INFO:WDM:====== WebDriver manager ======
INFO:WDM:Get LATEST chromedriver version for google-chrome
INFO:WDM:Get LATEST chromedriver version for google-chrome
INFO:WDM:Driver [C:\Users\asus\.wdm\drivers\chromedriver\win64\128.0.6613.137\chromedriver-win32/chromedriver.exe] found in cache
INFO:root:Raw HTTP response for dga.nt-th.cc: None - None
WARNING:root:Empty or None HTTP status code for dga.nt-th.cc, defaulting to 'N/A'
INFO:WDM:====== WebDriver manager ======
INFO:WDM:Get LATEST chromedriver version for google-chrome
INFO:WDM:Get LATEST chromedriver version for google-chrome
INFO:WDM:Driver [C:\Users\asus\.wdm\drivers\chromedriver\win64\128.0.6613.137\chromedriver-win32/chromedriver.exe] found in cache
INFO:root:Raw HTTP response for www.fku-sh.cc: None - None
WARNING:root:Empty or None HTTP status code for www.fku-sh.cc, defaulting to 'N/A'
INFO:WDM:====== WebDriver manager ======
INFO:WDM:Get LATEST chromedriver version for google-chrome
INFO:WDM:Get LATEST chromedriver version for google-chrome
INFO:WDM:Driver [C:\Users\asus\.wdm\drivers\chromedriver\win64\128.0.6613.137\chromedriver-win32/chromedriver.exe] found in cache
INFO:root:Raw HTTP response for www.fla-ya.com: None - None
WARNING:root:Empty or None HTTP status code for www.fla-ya.com, defaulting to 'N/A'
INFO:WDM:====== WebDriver manager ======
INFO:WDM:Get LATEST chromedriver version for google-chrome
INFO:WDM:Get LATEST chromedriver version for google-chrome
INFO:WDM:Driver [C:\Users\asus\.wdm\drivers\chromedriver\win64\128.0.6613.137\chromedriver-win32/chromedriver.exe] found in cache
INFO:root:Raw HTTP response for apk.lwxth.top: None - None
WARNING:root:Empty or None HTTP status code for apk.lwxth.top, defaulting to 'N/A'
INFO:WDM:====== WebDriver manager ======
INFO:WDM:Get LATEST chromedriver version for google-chrome
INFO:WDM:Get LATEST chromedriver version for google-chrome
INFO:WDM:Driver [C:\Users\asus\.wdm\drivers\chromedriver\win64\128.0.6613.137\chromedriver-win32/chromedriver.exe] found in cache
INFO:root:Raw HTTP response for rpc.dqmco.top: None - None
WARNING:root:Empty or None HTTP status code for rpc.dqmco.top, defaulting to 'N/A'
INFO:WDM:====== WebDriver manager ======
INFO:WDM:Get LATEST chromedriver version for google-chrome
INFO:WDM:Get LATEST chromedriver version for google-chrome
INFO:WDM:Driver [C:\Users\asus\.wdm\drivers\chromedriver\win64\128.0.6613.137\chromedriver-win32/chromedriver.exe] found in cache
INFO:root:Raw HTTP response for rpc.kc7e.xyz: None - None
WARNING:root:Empty or None HTTP status code for rpc.kc7e.xyz, defaulting to 'N/A'
INFO:WDM:====== WebDriver manager ======
INFO:WDM:Get LATEST chromedriver version for google-chrome
INFO:WDM:Get LATEST chromedriver version for google-chrome
INFO:WDM:Driver [C:\Users\asus\.wdm\drivers\chromedriver\win64\128.0.6613.137\chromedriver-win32/chromedriver.exe] found in cache
INFO:root:Raw HTTP response for www.dr-th.com: None - None
WARNING:root:Empty or None HTTP status code for www.dr-th.com, defaulting to 'N/A'
INFO:WDM:====== WebDriver manager ======
INFO:WDM:Get LATEST chromedriver version for google-chrome
INFO:WDM:Get LATEST chromedriver version for google-chrome
INFO:WDM:Driver [C:\Users\asus\.wdm\drivers\chromedriver\win64\128.0.6613.137\chromedriver-win32/chromedriver.exe] found in cache
INFO:root:Raw HTTP response for www.flash-or.online: None - None
WARNING:root:Empty or None HTTP status code for www.flash-or.online, defaulting to 'N/A'
INFO:WDM:====== WebDriver manager ======
INFO:WDM:Get LATEST chromedriver version for google-chrome
INFO:WDM:Get LATEST chromedriver version for google-chrome
INFO:WDM:Driver [C:\Users\asus\.wdm\drivers\chromedriver\win64\128.0.6613.137\chromedriver-win32/chromedriver.exe] found in cache
INFO:root:Raw HTTP response for www.flq-fh.com: None - None
WARNING:root:Empty or None HTTP status code for www.flq-fh.com, defaulting to 'N/A'
INFO:WDM:====== WebDriver manager ======
INFO:WDM:Get LATEST chromedriver version for google-chrome
INFO:WDM:Get LATEST chromedriver version for google-chrome
INFO:WDM:Driver [C:\Users\asus\.wdm\drivers\chromedriver\win64\128.0.6613.137\chromedriver-win32/chromedriver.exe] found in cache
INFO:root:Raw HTTP response for www.fim-sh.cc: None - None
WARNING:root:Empty or None HTTP status code for www.fim-sh.cc, defaulting to 'N/A'
INFO:WDM:====== WebDriver manager ======
INFO:WDM:Get LATEST chromedriver version for google-chrome
INFO:WDM:Get LATEST chromedriver version for google-chrome
INFO:WDM:Driver [C:\Users\asus\.wdm\drivers\chromedriver\win64\128.0.6613.137\chromedriver-win32/chromedriver.exe] found in cache
INFO:root:Raw HTTP response for paa-line.cc: None - None
WARNING:root:Empty or None HTTP status code for paa-line.cc, defaulting to 'N/A'
INFO:WDM:====== WebDriver manager ======
INFO:WDM:Get LATEST chromedriver version for google-chrome
INFO:WDM:Get LATEST chromedriver version for google-chrome
INFO:WDM:Driver [C:\Users\asus\.wdm\drivers\chromedriver\win64\128.0.6613.137\chromedriver-win32/chromedriver.exe] found in cache
INFO:root:Raw HTTP response for www.fia-bp.cc: None - None
WARNING:root:Empty or None HTTP status code for www.fia-bp.cc, defaulting to 'N/A'
INFO:WDM:====== WebDriver manager ======
INFO:WDM:Get LATEST chromedriver version for google-chrome
INFO:WDM:Get LATEST chromedriver version for google-chrome
INFO:WDM:Driver [C:\Users\asus\.wdm\drivers\chromedriver\win64\128.0.6613.137\chromedriver-win32/chromedriver.exe] found in cache
INFO:root:Raw HTTP response for rpc.wxzth.top: None - None
WARNING:root:Empty or None HTTP status code for rpc.wxzth.top, defaulting to 'N/A'
INFO:WDM:====== WebDriver manager ======
INFO:WDM:Get LATEST chromedriver version for google-chrome
INFO:WDM:Get LATEST chromedriver version for google-chrome
INFO:WDM:Driver [C:\Users\asus\.wdm\drivers\chromedriver\win64\128.0.6613.137\chromedriver-win32/chromedriver.exe] found in cache
INFO:root:Raw HTTP response for www.xll-fh.com: None - None
WARNING:root:Empty or None HTTP status code for www.xll-fh.com, defaulting to 'N/A'
INFO:WDM:====== WebDriver manager ======
INFO:WDM:Get LATEST chromedriver version for google-chrome
INFO:WDM:Get LATEST chromedriver version for google-chrome
INFO:WDM:Driver [C:\Users\asus\.wdm\drivers\chromedriver\win64\128.0.6613.137\chromedriver-win32/chromedriver.exe] found in cache
INFO:root:Raw HTTP response for tnt-express.com: None - None
WARNING:root:Empty or None HTTP status code for tnt-express.com, defaulting to 'N/A'
INFO:WDM:====== WebDriver manager ======
INFO:WDM:Get LATEST chromedriver version for google-chrome
INFO:WDM:Get LATEST chromedriver version for google-chrome
INFO:WDM:Driver [C:\Users\asus\.wdm\drivers\chromedriver\win64\128.0.6613.137\chromedriver-win32/chromedriver.exe] found in cache
INFO:root:Raw HTTP response for dga.nt-th.cc: None - None
WARNING:root:Empty or None HTTP status code for dga.nt-th.cc, defaulting to 'N/A'
INFO:WDM:====== WebDriver manager ======
INFO:WDM:Get LATEST chromedriver version for google-chrome
INFO:WDM:Get LATEST chromedriver version for google-chrome
INFO:WDM:Driver [C:\Users\asus\.wdm\drivers\chromedriver\win64\128.0.6613.137\chromedriver-win32/chromedriver.exe] found in cache
INFO:root:Raw HTTP response for www.fku-sh.cc: None - None
WARNING:root:Empty or None HTTP status code for www.fku-sh.cc, defaulting to 'N/A'
INFO:WDM:====== WebDriver manager ======
INFO:WDM:Get LATEST chromedriver version for google-chrome
INFO:WDM:Get LATEST chromedriver version for google-chrome
INFO:WDM:Driver [C:\Users\asus\.wdm\drivers\chromedriver\win64\128.0.6613.137\chromedriver-win32/chromedriver.exe] found in cache
INFO:root:Raw HTTP response for www.fla-ya.com: None - None
WARNING:root:Empty or None HTTP status code for www.fla-ya.com, defaulting to 'N/A'
INFO:WDM:====== WebDriver manager ======
INFO:WDM:Get LATEST chromedriver version for google-chrome
INFO:WDM:Get LATEST chromedriver version for google-chrome
INFO:WDM:Driver [C:\Users\asus\.wdm\drivers\chromedriver\win64\128.0.6613.137\chromedriver-win32/chromedriver.exe] found in cache
INFO:root:Raw HTTP response for apk.lwxth.top: 403 - Forbidden
INFO:WDM:====== WebDriver manager ======
INFO:WDM:Get LATEST chromedriver version for google-chrome
INFO:WDM:Get LATEST chromedriver version for google-chrome
INFO:WDM:Get LATEST chromedriver version for google-chrome
INFO:WDM:WebDriver version 128.0.6613.137 selected
INFO:WDM:Modern chrome version https://storage.googleapis.com/chrome-for-testing-public/128.0.6613.137/win32/chromedriver-win32.zip
INFO:WDM:About to download new driver from https://storage.googleapis.com/chrome-for-testing-public/128.0.6613.137/win32/chromedriver-win32.zip
INFO:WDM:Driver downloading response is 200
INFO:WDM:Get LATEST chromedriver version for google-chrome
INFO:WDM:Driver has been saved in cache [C:\Users\asus\.wdm\drivers\chromedriver\win64\128.0.6613.137]
INFO:root:Raw HTTP response for rpc.dqmco.top: 403 - Forbidden
INFO:WDM:====== WebDriver manager ======
INFO:WDM:Get LATEST chromedriver version for google-chrome
INFO:WDM:Get LATEST chromedriver version for google-chrome
INFO:WDM:Driver [C:\Users\asus\.wdm\drivers\chromedriver\win64\128.0.6613.137\chromedriver-win32/chromedriver.exe] found in cache
INFO:root:Raw HTTP response for rpc.kc7e.xyz: 403 - Forbidden
INFO:WDM:====== WebDriver manager ======
INFO:WDM:Get LATEST chromedriver version for google-chrome
INFO:WDM:Get LATEST chromedriver version for google-chrome
INFO:WDM:Driver [C:\Users\asus\.wdm\drivers\chromedriver\win64\128.0.6613.137\chromedriver-win32/chromedriver.exe] found in cache
INFO:root:Raw HTTP response for www.dr-th.com: 403 - Forbidden
INFO:WDM:====== WebDriver manager ======
INFO:WDM:Get LATEST chromedriver version for google-chrome
INFO:WDM:Get LATEST chromedriver version for google-chrome
INFO:WDM:Driver [C:\Users\asus\.wdm\drivers\chromedriver\win64\128.0.6613.137\chromedriver-win32/chromedriver.exe] found in cache
INFO:root:Raw HTTP response for www.flash-or.online: 200 - OK
INFO:WDM:====== WebDriver manager ======
INFO:WDM:Get LATEST chromedriver version for google-chrome
INFO:WDM:Get LATEST chromedriver version for google-chrome
INFO:WDM:Driver [C:\Users\asus\.wdm\drivers\chromedriver\win64\128.0.6613.137\chromedriver-win32/chromedriver.exe] found in cache
INFO:root:Raw HTTP response for www.flq-fh.com: 200 - OK
INFO:WDM:====== WebDriver manager ======
INFO:WDM:Get LATEST chromedriver version for google-chrome
INFO:WDM:Get LATEST chromedriver version for google-chrome
INFO:WDM:Driver [C:\Users\asus\.wdm\drivers\chromedriver\win64\128.0.6613.137\chromedriver-win32/chromedriver.exe] found in cache
INFO:root:Raw HTTP response for www.fim-sh.cc: 200 - OK
INFO:WDM:====== WebDriver manager ======
INFO:WDM:Get LATEST chromedriver version for google-chrome
INFO:WDM:Get LATEST chromedriver version for google-chrome
INFO:WDM:Driver [C:\Users\asus\.wdm\drivers\chromedriver\win64\128.0.6613.137\chromedriver-win32/chromedriver.exe] found in cache
INFO:root:Raw HTTP response for paa-line.cc: 200 - OK
INFO:WDM:====== WebDriver manager ======
INFO:WDM:Get LATEST chromedriver version for google-chrome
INFO:WDM:Get LATEST chromedriver version for google-chrome
INFO:WDM:Driver [C:\Users\asus\.wdm\drivers\chromedriver\win64\128.0.6613.137\chromedriver-win32/chromedriver.exe] found in cache
INFO:root:Raw HTTP response for www.fia-bp.cc: 200 - OK
INFO:WDM:====== WebDriver manager ======
INFO:WDM:Get LATEST chromedriver version for google-chrome
INFO:WDM:Get LATEST chromedriver version for google-chrome
INFO:WDM:Driver [C:\Users\asus\.wdm\drivers\chromedriver\win64\128.0.6613.137\chromedriver-win32/chromedriver.exe] found in cache
INFO:root:Raw HTTP response for rpc.wxzth.top: 200 - OK
INFO:WDM:====== WebDriver manager ======
INFO:WDM:Get LATEST chromedriver version for google-chrome
INFO:WDM:Get LATEST chromedriver version for google-chrome
INFO:WDM:Driver [C:\Users\asus\.wdm\drivers\chromedriver\win64\128.0.6613.137\chromedriver-win32/chromedriver.exe] found in cache
INFO:root:Raw HTTP response for www.xll-fh.com: 200 - OK
INFO:WDM:====== WebDriver manager ======
INFO:WDM:Get LATEST chromedriver version for google-chrome
INFO:WDM:Get LATEST chromedriver version for google-chrome
INFO:WDM:Driver [C:\Users\asus\.wdm\drivers\chromedriver\win64\128.0.6613.137\chromedriver-win32/chromedriver.exe] found in cache
INFO:root:Raw HTTP response for tnt-express.com: None - None
WARNING:root:Empty or None HTTP status code for tnt-express.com, defaulting to 'N/A'
INFO:WDM:====== WebDriver manager ======
INFO:WDM:Get LATEST chromedriver version for google-chrome
INFO:WDM:Get LATEST chromedriver version for google-chrome
INFO:WDM:Driver [C:\Users\asus\.wdm\drivers\chromedriver\win64\128.0.6613.137\chromedriver-win32/chromedriver.exe] found in cache
INFO:root:Raw HTTP response for dga.nt-th.cc: None - None
WARNING:root:Empty or None HTTP status code for dga.nt-th.cc, defaulting to 'N/A'
INFO:WDM:====== WebDriver manager ======
INFO:WDM:Get LATEST chromedriver version for google-chrome
INFO:WDM:Get LATEST chromedriver version for google-chrome
INFO:WDM:Driver [C:\Users\asus\.wdm\drivers\chromedriver\win64\128.0.6613.137\chromedriver-win32/chromedriver.exe] found in cache
INFO:root:Raw HTTP response for www.fku-sh.cc: None - None
WARNING:root:Empty or None HTTP status code for www.fku-sh.cc, defaulting to 'N/A'
INFO:WDM:====== WebDriver manager ======
INFO:WDM:Get LATEST chromedriver version for google-chrome
INFO:WDM:Get LATEST chromedriver version for google-chrome
INFO:WDM:Driver [C:\Users\asus\.wdm\drivers\chromedriver\win64\128.0.6613.137\chromedriver-win32/chromedriver.exe] found in cache
INFO:root:Raw HTTP response for www.fla-ya.com: None - None
WARNING:root:Empty or None HTTP status code for www.fla-ya.com, defaulting to 'N/A'
INFO:WDM:====== WebDriver manager ======
INFO:WDM:Get LATEST chromedriver version for google-chrome
INFO:WDM:Get LATEST chromedriver version for google-chrome
INFO:WDM:Driver [C:\Users\asus\.wdm\drivers\chromedriver\win64\128.0.6613.137\chromedriver-win32/chromedriver.exe] found in cache
INFO:root:Raw HTTP response for www.fla-ya.com: None - None
WARNING:root:Empty or None HTTP status code for www.fla-ya.com, defaulting to 'N/A'
INFO:WDM:====== WebDriver manager ======
INFO:WDM:Get LATEST chromedriver version for google-chrome
INFO:WDM:Get LATEST chromedriver version for google-chrome
INFO:WDM:Driver [C:\Users\asus\.wdm\drivers\chromedriver\win64\128.0.6613.137\chromedriver-win32/chromedriver.exe] found in cache
